<?xml version="1.0" encoding="UTF-8"?>
<!-- Generated by org.testng.reporters.JUnitXMLReporter -->
<testsuite hostname="TTS-SCRIT-5" ignored="0" name="Edit candidate details" tests="4" failures="1" timestamp="11 Jul 2023 05:14:28 GMT" time="49.49" errors="0">
  <testcase name="login" time="14.978" classname="com.Screenit.version3.Test.CandidateEditPageTestForUploadIDPostiveAndNegativeFlow"/>
  <testcase name="UploadSingleResume" time="16.68" classname="com.Screenit.version3.Test.CandidateEditPageTestForUploadIDPostiveAndNegativeFlow"/>
  <testcase name="CandidateEditProfileWithMandatoryField" time="10.788" classname="com.Screenit.version3.Test.CandidateEditPageTestForUploadIDPostiveAndNegativeFlow">
    <failure type="java.lang.ArrayIndexOutOfBoundsException" message="1">
      <![CDATA[java.lang.ArrayIndexOutOfBoundsException: 1at com.Screenit.version3.Test.CandidateEditPageTestForUploadIDPostiveAndNegativeFlow.CandidateEditProfileWithMandatoryField(CandidateEditPageTestForUploadIDPostiveAndNegativeFlow.java:112)... Removed 26 stack frames]]>
    </failure>
  </testcase> <!-- CandidateEditProfileWithMandatoryField -->
  <testcase name="CandidateEditProfileWithOutFillAllTheField" time="4.485" classname="com.Screenit.version3.Test.CandidateEditPageTestForUploadIDPostiveAndNegativeFlow"/>
</testsuite> <!-- Edit candidate details -->
