<html>
<head>
<title>TestNG:  search by status</title>
<link href="../testng.css" rel="stylesheet" type="text/css" />
<link href="../my-testng.css" rel="stylesheet" type="text/css" />

<style type="text/css">
.log { display: none;} 
.stack-trace { display: none;} 
</style>
<script type="text/javascript">
<!--
function flip(e) {
  current = e.style.display;
  if (current == 'block') {
    e.style.display = 'none';
    return 0;
  }
  else {
    e.style.display = 'block';
    return 1;
  }
}

function toggleBox(szDivId, elem, msg1, msg2)
{
  var res = -1;  if (document.getElementById) {
    res = flip(document.getElementById(szDivId));
  }
  else if (document.all) {
    // this is the way old msie versions work
    res = flip(document.all[szDivId]);
  }
  if(elem) {
    if(res == 0) elem.innerHTML = msg1; else elem.innerHTML = msg2;
  }

}

function toggleAllBoxes() {
  if (document.getElementsByTagName) {
    d = document.getElementsByTagName('div');
    for (i = 0; i < d.length; i++) {
      if (d[i].className == 'log') {
        flip(d[i]);
      }
    }
  }
}

// -->
</script>

</head>
<body>
<h2 align='center'>search by status</h2><table border='1' align="center">
<tr>
<td>Tests passed/Failed/Skipped:</td><td>1/1/0</td>
</tr><tr>
<td>Started on:</td><td>Tue Jul 11 10:44:28 IST 2023</td>
</tr>
<tr><td>Total time:</td><td>203 seconds (203181 ms)</td>
</tr><tr>
<td>Included groups:</td><td></td>
</tr><tr>
<td>Excluded groups:</td><td></td>
</tr>
</table><p/>
<small><i>(Hover the method name to see the test class name)</i></small><p/>
<table width='100%' border='1' class='invocation-failed'>
<tr><td colspan='4' align='center'><b>FAILED TESTS</b></td></tr>
<tr><td><b>Test method</b></td>
<td width="30%"><b>Exception</b></td>
<td width="10%"><b>Time (seconds)</b></td>
<td><b>Instance</b></td>
</tr>
<tr>
<td title='com.Screenit.version3.Test.FilterAndScoreTestForIdFlow.checkFilterByStatusForUploadedResume()'><b>checkFilterByStatusForUploadedResume</b><br>Test class: com.Screenit.version3.Test.FilterAndScoreTestForIdFlow<br>Parameters: id, Schedule Request Pending, Scheduled, New, firstsearchstatus, Secondsearchstatus, Thirdsearchstatus, 9, verify sit score status<br/>
<a href="#Output-1696377390" onClick='toggleBox("Output-1696377390", this, "Show output", "Hide output");'>Show output</a>

<a href="#Output-1696377390" onClick="toggleAllBoxes();">Show all outputs</a>
<div class='log' id="Output-1696377390">
search by status count--------0<br/>
status matched the count<br/>
<a href='C:\Users\TTS-USER\AppData\Local\Tempfirstsearchstatus---2023-07-11 10-45-59.png'> <img src='C:\Users\TTS-USER\AppData\Local\Tempfirstsearchstatus---2023-07-11 10-45-59.png' height='100' width='100'/> </a><br/>
search by status count--------0<br/>
status matched the count<br/>
<a href='C:\Users\TTS-USER\AppData\Local\TempSecondsearchstatus---2023-07-11 10-47-10.png'> <img src='C:\Users\TTS-USER\AppData\Local\TempSecondsearchstatus---2023-07-11 10-47-10.png' height='100' width='100'/> </a><br/>
search by status count--------4<br/>
search is working fine<br/>
search is working fine<br/>
search is working fine<br/>
search is working fine<br/>
<a href='C:\Users\TTS-USER\AppData\Local\TempThirdsearchstatus---2023-07-11 10-47-20.png'> <img src='C:\Users\TTS-USER\AppData\Local\TempThirdsearchstatus---2023-07-11 10-47-20.png' height='100' width='100'/> </a><br/>
search by status count--------2<br/>
</div>
</td>
<td><div><pre>org.openqa.selenium.StaleElementReferenceException: stale element reference: element is not attached to the page document
  (Session info: chrome=108.0.5359.95)
For documentation on this error, please visit: https://www.seleniumhq.org/exceptions/stale_element_reference.html
Build info: version: &apos;3.141.59&apos;, revision: &apos;e82be7d358&apos;, time: &apos;2018-11-14T08:17:03&apos;
System info: host: &apos;TTS-SCRIT-5&apos;, ip: &apos;10.10.12.58&apos;, os.name: &apos;Windows 10&apos;, os.arch: &apos;amd64&apos;, os.version: &apos;10.0&apos;, java.version: &apos;1.8.0_321&apos;
Driver info: org.openqa.selenium.chrome.ChromeDriver
Capabilities {acceptInsecureCerts: false, browserName: chrome, browserVersion: 108.0.5359.95, chrome: {chromedriverVersion: 108.0.5359.71 (1e0e3868ee06..., userDataDir: C:\Users\TTS-USER\AppData\L...}, goog:chromeOptions: {debuggerAddress: localhost:62253}, javascriptEnabled: true, networkConnectionEnabled: false, pageLoadStrategy: normal, platform: WINDOWS, platformName: WINDOWS, proxy: Proxy(), setWindowRect: true, strictFileInteractability: false, timeouts: {implicit: 0, pageLoad: 300000, script: 30000}, unhandledPromptBehavior: dismiss and notify, webauthn:extension:credBlob: true, webauthn:extension:largeBlob: true, webauthn:virtualAuthenticators: true}
Session ID: 5574715d0f77b18a3f2f7ab33dcd079f
	at org.openqa.selenium.remote.http.W3CHttpResponseCodec.createException(W3CHttpResponseCodec.java:187)
	at org.openqa.selenium.remote.http.W3CHttpResponseCodec.decode(W3CHttpResponseCodec.java:122)
	at org.openqa.selenium.remote.http.W3CHttpResponseCodec.decode(W3CHttpResponseCodec.java:49)
	at org.openqa.selenium.remote.HttpCommandExecutor.execute(HttpCommandExecutor.java:158)
	at org.openqa.selenium.remote.service.DriverCommandExecutor.execute(DriverCommandExecutor.java:83)
	at org.openqa.selenium.remote.RemoteWebDriver.execute(RemoteWebDriver.java:552)
	at org.openqa.selenium.remote.RemoteWebElement.execute(RemoteWebElement.java:285)
	at org.openqa.selenium.remote.RemoteWebElement.getText(RemoteWebElement.java:166)
	at com.Screenit.version3.Pages.CandidateProfilePage.verifyFilterBySitScore(CandidateProfilePage.java:1035)
	at com.Screenit.version3.Test.FilterAndScoreTestForIdFlow.checkFilterByStatusForUploadedResume(FilterAndScoreTestForIdFlow.java:66)
... Removed 30 stack frames</pre></div><a href='#' onClick='toggleBox("stack-trace1696377390", this, "Click to show all stack frames", "Click to hide stack frames")'>Click to show all stack frames</a>
<div class='stack-trace' id='stack-trace1696377390'><pre>org.openqa.selenium.StaleElementReferenceException: stale element reference: element is not attached to the page document
  (Session info: chrome=108.0.5359.95)
For documentation on this error, please visit: https://www.seleniumhq.org/exceptions/stale_element_reference.html
Build info: version: &apos;3.141.59&apos;, revision: &apos;e82be7d358&apos;, time: &apos;2018-11-14T08:17:03&apos;
System info: host: &apos;TTS-SCRIT-5&apos;, ip: &apos;10.10.12.58&apos;, os.name: &apos;Windows 10&apos;, os.arch: &apos;amd64&apos;, os.version: &apos;10.0&apos;, java.version: &apos;1.8.0_321&apos;
Driver info: org.openqa.selenium.chrome.ChromeDriver
Capabilities {acceptInsecureCerts: false, browserName: chrome, browserVersion: 108.0.5359.95, chrome: {chromedriverVersion: 108.0.5359.71 (1e0e3868ee06..., userDataDir: C:\Users\TTS-USER\AppData\L...}, goog:chromeOptions: {debuggerAddress: localhost:62253}, javascriptEnabled: true, networkConnectionEnabled: false, pageLoadStrategy: normal, platform: WINDOWS, platformName: WINDOWS, proxy: Proxy(), setWindowRect: true, strictFileInteractability: false, timeouts: {implicit: 0, pageLoad: 300000, script: 30000}, unhandledPromptBehavior: dismiss and notify, webauthn:extension:credBlob: true, webauthn:extension:largeBlob: true, webauthn:virtualAuthenticators: true}
Session ID: 5574715d0f77b18a3f2f7ab33dcd079f
	at sun.reflect.NativeConstructorAccessorImpl.newInstance0(Native Method)
	at sun.reflect.NativeConstructorAccessorImpl.newInstance(Unknown Source)
	at sun.reflect.DelegatingConstructorAccessorImpl.newInstance(Unknown Source)
	at java.lang.reflect.Constructor.newInstance(Unknown Source)
	at org.openqa.selenium.remote.http.W3CHttpResponseCodec.createException(W3CHttpResponseCodec.java:187)
	at org.openqa.selenium.remote.http.W3CHttpResponseCodec.decode(W3CHttpResponseCodec.java:122)
	at org.openqa.selenium.remote.http.W3CHttpResponseCodec.decode(W3CHttpResponseCodec.java:49)
	at org.openqa.selenium.remote.HttpCommandExecutor.execute(HttpCommandExecutor.java:158)
	at org.openqa.selenium.remote.service.DriverCommandExecutor.execute(DriverCommandExecutor.java:83)
	at org.openqa.selenium.remote.RemoteWebDriver.execute(RemoteWebDriver.java:552)
	at org.openqa.selenium.remote.RemoteWebElement.execute(RemoteWebElement.java:285)
	at org.openqa.selenium.remote.RemoteWebElement.getText(RemoteWebElement.java:166)
	at com.Screenit.version3.Pages.CandidateProfilePage.verifyFilterBySitScore(CandidateProfilePage.java:1035)
	at com.Screenit.version3.Test.FilterAndScoreTestForIdFlow.checkFilterByStatusForUploadedResume(FilterAndScoreTestForIdFlow.java:66)
	at sun.reflect.NativeMethodAccessorImpl.invoke0(Native Method)
	at sun.reflect.NativeMethodAccessorImpl.invoke(Unknown Source)
	at sun.reflect.DelegatingMethodAccessorImpl.invoke(Unknown Source)
	at java.lang.reflect.Method.invoke(Unknown Source)
	at org.testng.internal.MethodInvocationHelper.invokeMethod(MethodInvocationHelper.java:124)
	at org.testng.internal.Invoker.invokeMethod(Invoker.java:571)
	at org.testng.internal.Invoker.invokeTestMethod(Invoker.java:707)
	at org.testng.internal.Invoker.invokeTestMethods(Invoker.java:979)
	at org.testng.internal.TestMethodWorker.invokeTestMethods(TestMethodWorker.java:125)
	at org.testng.internal.TestMethodWorker.run(TestMethodWorker.java:109)
	at org.testng.TestRunner.privateRun(TestRunner.java:648)
	at org.testng.TestRunner.run(TestRunner.java:505)
	at org.testng.SuiteRunner.runTest(SuiteRunner.java:455)
	at org.testng.SuiteRunner.runSequentially(SuiteRunner.java:450)
	at org.testng.SuiteRunner.privateRun(SuiteRunner.java:415)
	at org.testng.SuiteRunner.run(SuiteRunner.java:364)
	at org.testng.SuiteRunnerWorker.runSuite(SuiteRunnerWorker.java:52)
	at org.testng.SuiteRunnerWorker.run(SuiteRunnerWorker.java:84)
	at org.testng.TestNG.runSuitesSequentially(TestNG.java:1187)
	at org.testng.TestNG.runSuitesSequentially(TestNG.java:1183)
	at org.testng.TestNG.runSuitesLocally(TestNG.java:1116)
	at org.testng.TestNG.runSuites(TestNG.java:1028)
	at org.testng.TestNG.run(TestNG.java:996)
	at org.testng.remote.AbstractRemoteTestNG.run(AbstractRemoteTestNG.java:114)
	at org.testng.remote.RemoteTestNG.initAndRun(RemoteTestNG.java:251)
	at org.testng.remote.RemoteTestNG.main(RemoteTestNG.java:77)
</pre></div></td>
<td>186</td>
<td>com.Screenit.version3.Test.FilterAndScoreTestForIdFlow@7f13d6e</td></tr>
</table><p>
<table width='100%' border='1' class='invocation-passed'>
<tr><td colspan='4' align='center'><b>PASSED TESTS</b></td></tr>
<tr><td><b>Test method</b></td>
<td width="30%"><b>Exception</b></td>
<td width="10%"><b>Time (seconds)</b></td>
<td><b>Instance</b></td>
</tr>
<tr>
<td title='com.Screenit.version3.Test.FilterAndScoreTestForIdFlow.loginFunctionality()'><b>loginFunctionality</b><br>Test class: com.Screenit.version3.Test.FilterAndScoreTestForIdFlow<br>Parameters: san12@screenit.io, Welcome@1<br/>
<a href="#Output-908011188" onClick='toggleBox("Output-908011188", this, "Show output", "Hide output");'>Show output</a>

<a href="#Output-908011188" onClick="toggleAllBoxes();">Show all outputs</a>
<div class='log' id="Output-908011188">
Enter the Maild---------san12@screenit.io<br/>
Enter the Password-----Welcome@1<br/>
click the submit button<br/>
succesfully login and navigate to the dashboard pagehttps://test.screenit.io/#/dashboard_v3<br/>
</div>
</td>
<td></td>
<td>14</td>
<td>com.Screenit.version3.Test.FilterAndScoreTestForIdFlow@7f13d6e</td></tr>
</table><p>
</body>
</html>