<?xml version="1.0" encoding="UTF-8"?>
<!-- Generated by org.testng.reporters.JUnitXMLReporter -->
<testsuite hostname="TTS-SCRIT-5" ignored="0" name="Test" tests="4" failures="3" timestamp="23 May 2023 05:59:00 GMT" time="0.159" errors="0">
  <testcase name="@BeforeTest setUp" time="0.0" classname="com.Screenit.version3.pages.ForgotPasswordPostiveAndNegativeFlow">
    <failure type="org.testng.TestNGException" message="
Parameter &amp;apos;Browser&amp;apos; is required by BeforeTest on method setUp but has not been marked @Optional or defined
in C:\Users\TTS-USER\workspace\com.TestngFramework.ScreenitV3\testng.xml">
      <![CDATA[org.testng.TestNGException: Parameter 'Browser' is required by BeforeTest on method setUp but has not been marked @Optional or definedin C:\Users\TTS-USER\workspace\com.TestngFramework.ScreenitV3\testng.xml... Removed 21 stack frames]]>
    </failure>
  </testcase> <!-- @BeforeTest setUp -->
  <testcase name="@BeforeTest setUp" time="0.0" classname="com.Screenit.version3.pages.HomepagePostiveAndNegativeScenerio">
    <skipped/>
  </testcase> <!-- @BeforeTest setUp -->
  <testcase name="@BeforeTest setUp" time="0.0" classname="com.Screenit.version3.pages.LoginPage">
    <skipped/>
  </testcase> <!-- @BeforeTest setUp -->
  <testcase name="forgetPassword" time="0.0" classname="com.Screenit.version3.pages.ForgotPasswordPostiveAndNegativeFlow">
    <failure type="org.testng.TestNGException" message="
Parameter &amp;apos;EmailId&amp;apos; is required by @Test on method forgetPassword but has not been marked @Optional or defined
in C:\Users\TTS-USER\workspace\com.TestngFramework.ScreenitV3\testng.xml">
      <![CDATA[org.testng.TestNGException: Parameter 'EmailId' is required by @Test on method forgetPassword but has not been marked @Optional or definedin C:\Users\TTS-USER\workspace\com.TestngFramework.ScreenitV3\testng.xml... Removed 24 stack frames]]>
    </failure>
  </testcase> <!-- forgetPassword -->
  <testcase name="login" time="0.0" classname="com.Screenit.version3.pages.HomepagePostiveAndNegativeScenerio">
    <failure type="org.testng.TestNGException" message="
Parameter &amp;apos;Emailid&amp;apos; is required by @Test on method login but has not been marked @Optional or defined
in C:\Users\TTS-USER\workspace\com.TestngFramework.ScreenitV3\testng.xml">
      <![CDATA[org.testng.TestNGException: Parameter 'Emailid' is required by @Test on method login but has not been marked @Optional or definedin C:\Users\TTS-USER\workspace\com.TestngFramework.ScreenitV3\testng.xml... Removed 24 stack frames]]>
    </failure>
  </testcase> <!-- login -->
  <testcase name="login" time="0.0" classname="com.Screenit.version3.pages.LoginPage">
    <failure type="org.testng.TestNGException" message="
Parameter &amp;apos;Emailid&amp;apos; is required by @Test on method login but has not been marked @Optional or defined
in C:\Users\TTS-USER\workspace\com.TestngFramework.ScreenitV3\testng.xml">
      <![CDATA[org.testng.TestNGException: Parameter 'Emailid' is required by @Test on method login but has not been marked @Optional or definedin C:\Users\TTS-USER\workspace\com.TestngFramework.ScreenitV3\testng.xml... Removed 24 stack frames]]>
    </failure>
  </testcase> <!-- login -->
  <testcase name="Homepagefunctionality" time="0.0" classname="com.Screenit.version3.pages.HomepagePostiveAndNegativeScenerio">
    <skipped/>
  </testcase> <!-- Homepagefunctionality -->
</testsuite> <!-- Test -->
