<?xml version="1.0" encoding="UTF-8"?>
<!-- Generated by org.testng.reporters.JUnitXMLReporter -->
<testsuite hostname="TTS-SCRIT-5" ignored="0" name="Edit candidate details" tests="4" failures="2" timestamp="09 Jun 2023 06:13:47 GMT" time="115.751" errors="0">
  <testcase name="login" time="74.435" classname="com.Screenit.version3.Test.CandidateEditPageTestForUploadIDPostiveAndNegativeFlow">
    <failure type="java.lang.AssertionError" message="expected [https://test.screenit.io/#/dashboard_v3] but found [https://demo.screenit.io/#/dashboard_v3]">
      <![CDATA[java.lang.AssertionError: expected [https://test.screenit.io/#/dashboard_v3] but found [https://demo.screenit.io/#/dashboard_v3]at com.Screenit.version3.Pages.LoginPage.VerifyNavigateToTheDashBoard(LoginPage.java:64)at com.Screenit.version3.Test.CandidateEditPageTestForUploadIDPostiveAndNegativeFlow.login(CandidateEditPageTestForUploadIDPostiveAndNegativeFlow.java:48)... Removed 32 stack frames]]>
    </failure>
  </testcase> <!-- login -->
  <testcase name="UploadSingleResume" time="19.39" classname="com.Screenit.version3.Test.CandidateEditPageTestForUploadIDPostiveAndNegativeFlow"/>
  <testcase name="CandidateEditProfileWithMandatoryField" time="13.139" classname="com.Screenit.version3.Test.CandidateEditPageTestForUploadIDPostiveAndNegativeFlow">
    <failure type="java.lang.ArrayIndexOutOfBoundsException" message="1">
      <![CDATA[java.lang.ArrayIndexOutOfBoundsException: 1at com.Screenit.version3.Test.CandidateEditPageTestForUploadIDPostiveAndNegativeFlow.CandidateEditProfileWithMandatoryField(CandidateEditPageTestForUploadIDPostiveAndNegativeFlow.java:112)... Removed 26 stack frames]]>
    </failure>
  </testcase> <!-- CandidateEditProfileWithMandatoryField -->
  <testcase name="CandidateEditProfileWithOutFillAllTheField" time="5.617" classname="com.Screenit.version3.Test.CandidateEditPageTestForUploadIDPostiveAndNegativeFlow"/>
</testsuite> <!-- Edit candidate details -->
