<?xml version="1.0" encoding="UTF-8"?>
<!-- Generated by org.testng.reporters.JUnitReportReporter -->
<testsuite hostname="TTS-SCRIT-5" failures="0" tests="2" name="com.Screenit.version3.Test.FilterAndScoreTestForIdFlow" time="176.039" errors="1" timestamp="2023-08-01T16:12:27 IST" skipped="0">
  <testcase classname="com.Screenit.version3.Test.FilterAndScoreTestForIdFlow" name="loginFunctionality" time="17.348">
    <system-out>
      <![CDATA[Enter the Maild---------san111@screenit.io
Enter the Password-----Welcome@1
click the submit button
succesfully login and navigate to the dashboard pagehttps://demo.screenit.io/#/dashboard_v3]]>
    </system-out>
  </testcase> <!-- loginFunctionality -->
  <testcase classname="com.Screenit.version3.Test.FilterAndScoreTestForIdFlow" name="checkFilterByStatusForUploadedResume" time="158.691">
    <error message="stale element reference: element is not attached to the page document
  (Session info: chrome=108.0.5359.95)
For documentation on this error, please visit: https://www.seleniumhq.org/exceptions/stale_element_reference.html
Build info: version: &#039;3.141.59&#039;, revision: &#039;e82be7d358&#039;, time: &#039;2018-11-14T08:17:03&#039;
System info: host: &#039;TTS-SCRIT-5&#039;, ip: &#039;10.10.12.58&#039;, os.name: &#039;Windows 10&#039;, os.arch: &#039;amd64&#039;, os.version: &#039;10.0&#039;, java.version: &#039;17.0.7&#039;
Driver info: org.openqa.selenium.chrome.ChromeDriver
Capabilities {acceptInsecureCerts: false, browserName: chrome, browserVersion: 108.0.5359.95, chrome: {chromedriverVersion: 108.0.5359.71 (1e0e3868ee06..., userDataDir: C:\Users\TTS-USER\AppData\L...}, goog:chromeOptions: {debuggerAddress: localhost:57121}, javascriptEnabled: true, networkConnectionEnabled: false, pageLoadStrategy: normal, platform: WINDOWS, platformName: WINDOWS, proxy: Proxy(), setWindowRect: true, strictFileInteractability: false, timeouts: {implicit: 0, pageLoad: 300000, script: 30000}, unhandledPromptBehavior: dismiss and notify, webauthn:extension:credBlob: true, webauthn:extension:largeBlob: true, webauthn:virtualAuthenticators: true}
Session ID: d146276e8187b4c16bcd68756bd6d723" type="org.openqa.selenium.StaleElementReferenceException">
      <![CDATA[org.openqa.selenium.StaleElementReferenceException: stale element reference: element is not attached to the page document
  (Session info: chrome=108.0.5359.95)
For documentation on this error, please visit: https://www.seleniumhq.org/exceptions/stale_element_reference.html
Build info: version: '3.141.59', revision: 'e82be7d358', time: '2018-11-14T08:17:03'
System info: host: 'TTS-SCRIT-5', ip: '10.10.12.58', os.name: 'Windows 10', os.arch: 'amd64', os.version: '10.0', java.version: '17.0.7'
Driver info: org.openqa.selenium.chrome.ChromeDriver
Capabilities {acceptInsecureCerts: false, browserName: chrome, browserVersion: 108.0.5359.95, chrome: {chromedriverVersion: 108.0.5359.71 (1e0e3868ee06..., userDataDir: C:\Users\TTS-USER\AppData\L...}, goog:chromeOptions: {debuggerAddress: localhost:57121}, javascriptEnabled: true, networkConnectionEnabled: false, pageLoadStrategy: normal, platform: WINDOWS, platformName: WINDOWS, proxy: Proxy(), setWindowRect: true, strictFileInteractability: false, timeouts: {implicit: 0, pageLoad: 300000, script: 30000}, unhandledPromptBehavior: dismiss and notify, webauthn:extension:credBlob: true, webauthn:extension:largeBlob: true, webauthn:virtualAuthenticators: true}
Session ID: d146276e8187b4c16bcd68756bd6d723
at java.base/jdk.internal.reflect.NativeConstructorAccessorImpl.newInstance0(Native Method)
at java.base/jdk.internal.reflect.NativeConstructorAccessorImpl.newInstance(NativeConstructorAccessorImpl.java:77)
at java.base/jdk.internal.reflect.DelegatingConstructorAccessorImpl.newInstance(DelegatingConstructorAccessorImpl.java:45)
at java.base/java.lang.reflect.Constructor.newInstanceWithCaller(Constructor.java:499)
at java.base/java.lang.reflect.Constructor.newInstance(Constructor.java:480)
at org.openqa.selenium.remote.http.W3CHttpResponseCodec.createException(W3CHttpResponseCodec.java:187)
at org.openqa.selenium.remote.http.W3CHttpResponseCodec.decode(W3CHttpResponseCodec.java:122)
at org.openqa.selenium.remote.http.W3CHttpResponseCodec.decode(W3CHttpResponseCodec.java:49)
at org.openqa.selenium.remote.HttpCommandExecutor.execute(HttpCommandExecutor.java:158)
at org.openqa.selenium.remote.service.DriverCommandExecutor.execute(DriverCommandExecutor.java:83)
at org.openqa.selenium.remote.RemoteWebDriver.execute(RemoteWebDriver.java:552)
at org.openqa.selenium.remote.RemoteWebElement.execute(RemoteWebElement.java:285)
at org.openqa.selenium.remote.RemoteWebElement.getText(RemoteWebElement.java:166)
at com.Screenit.version3.Pages.CandidateProfilePage.verifyFilterBySitScore(CandidateProfilePage.java:1031)
at com.Screenit.version3.Test.FilterAndScoreTestForIdFlow.checkFilterByStatusForUploadedResume(FilterAndScoreTestForIdFlow.java:66)
at java.base/jdk.internal.reflect.NativeMethodAccessorImpl.invoke0(Native Method)
at java.base/jdk.internal.reflect.NativeMethodAccessorImpl.invoke(NativeMethodAccessorImpl.java:77)
at java.base/jdk.internal.reflect.DelegatingMethodAccessorImpl.invoke(DelegatingMethodAccessorImpl.java:43)
at java.base/java.lang.reflect.Method.invoke(Method.java:568)
at org.testng.internal.invokers.MethodInvocationHelper.invokeMethod(MethodInvocationHelper.java:139)
at org.testng.internal.invokers.TestInvoker.invokeMethod(TestInvoker.java:664)
at org.testng.internal.invokers.TestInvoker.invokeTestMethod(TestInvoker.java:227)
at org.testng.internal.invokers.MethodRunner.runInSequence(MethodRunner.java:50)
at org.testng.internal.invokers.TestInvoker$MethodInvocationAgent.invoke(TestInvoker.java:957)
at org.testng.internal.invokers.TestInvoker.invokeTestMethods(TestInvoker.java:200)
at org.testng.internal.invokers.TestMethodWorker.invokeTestMethods(TestMethodWorker.java:148)
at org.testng.internal.invokers.TestMethodWorker.run(TestMethodWorker.java:128)
at java.base/java.util.ArrayList.forEach(ArrayList.java:1511)
at org.testng.TestRunner.privateRun(TestRunner.java:848)
at org.testng.TestRunner.run(TestRunner.java:621)
at org.testng.SuiteRunner.runTest(SuiteRunner.java:443)
at org.testng.SuiteRunner.runSequentially(SuiteRunner.java:437)
at org.testng.SuiteRunner.privateRun(SuiteRunner.java:397)
at org.testng.SuiteRunner.run(SuiteRunner.java:336)
at org.testng.SuiteRunnerWorker.runSuite(SuiteRunnerWorker.java:52)
at org.testng.SuiteRunnerWorker.run(SuiteRunnerWorker.java:95)
at org.testng.TestNG.runSuitesSequentially(TestNG.java:1280)
at org.testng.TestNG.runSuitesLocally(TestNG.java:1200)
at org.testng.TestNG.runSuites(TestNG.java:1114)
at org.testng.TestNG.run(TestNG.java:1082)
at org.testng.remote.AbstractRemoteTestNG.run(AbstractRemoteTestNG.java:115)
at org.testng.remote.RemoteTestNG.initAndRun(RemoteTestNG.java:251)
at org.testng.remote.RemoteTestNG.main(RemoteTestNG.java:77)
]]>
    </error>
    <system-out>
      <![CDATA[search by status count--------0
status matched the count
<a href='C:\Users\TTS-USER\AppData\Local\Tempfirstsearchstatus---2023-08-01 16-11-03.png'> <img src='C:\Users\TTS-USER\AppData\Local\Tempfirstsearchstatus---2023-08-01 16-11-03.png' height='100' width='100'/> </a>
search by status count--------0
status matched the count
<a href='C:\Users\TTS-USER\AppData\Local\TempSecondsearchstatus---2023-08-01 16-12-14.png'> <img src='C:\Users\TTS-USER\AppData\Local\TempSecondsearchstatus---2023-08-01 16-12-14.png' height='100' width='100'/> </a>
search by status count--------4
search is working fine
search is working fine
search is working fine
search is working fine
<a href='C:\Users\TTS-USER\AppData\Local\TempThirdsearchstatus---2023-08-01 16-12-26.png'> <img src='C:\Users\TTS-USER\AppData\Local\TempThirdsearchstatus---2023-08-01 16-12-26.png' height='100' width='100'/> </a>
search by status count--------2
status matched the count]]>
    </system-out>
  </testcase> <!-- checkFilterByStatusForUploadedResume -->
  <system-out>
    <![CDATA[The chrome browser is open now
The browser is maximize
Enter the Maild---------san111@screenit.io
Enter the Password-----Welcome@1
click the submit button
succesfully login and navigate to the dashboard pagehttps://demo.screenit.io/#/dashboard_v3
search by status count--------0
status matched the count
<a href='C:\Users\TTS-USER\AppData\Local\Tempfirstsearchstatus---2023-08-01 16-11-03.png'> <img src='C:\Users\TTS-USER\AppData\Local\Tempfirstsearchstatus---2023-08-01 16-11-03.png' height='100' width='100'/> </a>
search by status count--------0
status matched the count
<a href='C:\Users\TTS-USER\AppData\Local\TempSecondsearchstatus---2023-08-01 16-12-14.png'> <img src='C:\Users\TTS-USER\AppData\Local\TempSecondsearchstatus---2023-08-01 16-12-14.png' height='100' width='100'/> </a>
search by status count--------4
search is working fine
search is working fine
search is working fine
search is working fine
<a href='C:\Users\TTS-USER\AppData\Local\TempThirdsearchstatus---2023-08-01 16-12-26.png'> <img src='C:\Users\TTS-USER\AppData\Local\TempThirdsearchstatus---2023-08-01 16-12-26.png' height='100' width='100'/> </a>
search by status count--------2
status matched the count]]>
  </system-out>
</testsuite> <!-- com.Screenit.version3.Test.FilterAndScoreTestForIdFlow -->
