<?xml version="1.0" encoding="UTF-8"?>
<!-- Generated by org.testng.reporters.JUnitReportReporter -->
<testsuite skipped="0" hostname="TTS-SCRIT-5" name="com.Screenit.version3.pages.UploadResumePostiveAndNegativeflow" tests="15" failures="0" timestamp="23 May 2023 12:56:45 GMT" time="126.124" errors="1">
  <testcase name="login" time="4.146" classname="com.Screenit.version3.pages.UploadResumePostiveAndNegativeflow"/>
  <testcase name="login" time="4.028" classname="com.Screenit.version3.pages.UploadResumePostiveAndNegativeflow"/>
  <testcase name="login" time="3.971" classname="com.Screenit.version3.pages.UploadResumePostiveAndNegativeflow"/>
  <testcase name="login" time="3.947" classname="com.Screenit.version3.pages.UploadResumePostiveAndNegativeflow"/>
  <testcase name="login" time="4.065" classname="com.Screenit.version3.pages.UploadResumePostiveAndNegativeflow"/>
  <testcase name="UploadSingleResumeWithPostive" time="12.287" classname="com.Screenit.version3.pages.UploadResumePostiveAndNegativeflow"/>
  <testcase name="UploadSingleResumeWithPostive" time="12.409" classname="com.Screenit.version3.pages.UploadResumePostiveAndNegativeflow"/>
  <testcase name="UploadSingleResumeWithPostive" time="12.520" classname="com.Screenit.version3.pages.UploadResumePostiveAndNegativeflow"/>
  <testcase name="UploadSingleResumeWithPostive" time="12.392" classname="com.Screenit.version3.pages.UploadResumePostiveAndNegativeflow"/>
  <testcase name="UploadSingleResumeWithPostive" time="12.167" classname="com.Screenit.version3.pages.UploadResumePostiveAndNegativeflow"/>
  <testcase name="UploadSingleResumeWithNegative" time="3.180" classname="com.Screenit.version3.pages.UploadResumePostiveAndNegativeflow">
    <error type="org.openqa.selenium.ElementClickInterceptedException" message="element click intercepted: Element &lt;a data-v-38813271=&quot;&quot;&gt;...&lt;/a&gt; is not clickable at point (162, 25). Other element would receive the click: &lt;div data-v-0fa264b7=&quot;&quot; id=&quot;uploadResume&quot; tabindex=&quot;-1&quot; role=&quot;dialog&quot; aria-labelledby=&quot;exampleModalLabel&quot; aria-hidden=&quot;true&quot; class=&quot;modal fade in&quot; style=&quot;display: block; padding-right: 5px;&quot;&gt;...&lt;/div&gt;
  (Session info: chrome=108.0.5359.95)
Build info: version: &#039;3.141.59&#039;, revision: &#039;e82be7d358&#039;, time: &#039;2018-11-14T08:17:03&#039;
System info: host: &#039;TTS-SCRIT-5&#039;, ip: &#039;10.10.12.57&#039;, os.name: &#039;Windows 10&#039;, os.arch: &#039;amd64&#039;, os.version: &#039;10.0&#039;, java.version: &#039;1.8.0_321&#039;
Driver info: org.openqa.selenium.chrome.ChromeDriver
Capabilities {acceptInsecureCerts: false, browserName: chrome, browserVersion: 108.0.5359.95, chrome: {chromedriverVersion: 108.0.5359.71 (1e0e3868ee06..., userDataDir: C:\Users\TTS-USER\AppData\L...}, goog:chromeOptions: {debuggerAddress: localhost:64119}, javascriptEnabled: true, networkConnectionEnabled: false, pageLoadStrategy: normal, platform: WINDOWS, platformName: WINDOWS, proxy: Proxy(), setWindowRect: true, strictFileInteractability: false, timeouts: {implicit: 0, pageLoad: 300000, script: 30000}, unhandledPromptBehavior: dismiss and notify, webauthn:extension:credBlob: true, webauthn:extension:largeBlob: true, webauthn:virtualAuthenticators: true}
Session ID: e5e832a0262095b8227bd57e4e823182">
      <![CDATA[org.openqa.selenium.ElementClickInterceptedException: element click intercepted: Element <a data-v-38813271="">...</a> is not clickable at point (162, 25). Other element would receive the click: <div data-v-0fa264b7="" id="uploadResume" tabindex="-1" role="dialog" aria-labelledby="exampleModalLabel" aria-hidden="true" class="modal fade in" style="display: block; padding-right: 5px;">...</div>  (Session info: chrome=108.0.5359.95)Build info: version: '3.141.59', revision: 'e82be7d358', time: '2018-11-14T08:17:03'System info: host: 'TTS-SCRIT-5', ip: '10.10.12.57', os.name: 'Windows 10', os.arch: 'amd64', os.version: '10.0', java.version: '1.8.0_321'Driver info: org.openqa.selenium.chrome.ChromeDriverCapabilities {acceptInsecureCerts: false, browserName: chrome, browserVersion: 108.0.5359.95, chrome: {chromedriverVersion: 108.0.5359.71 (1e0e3868ee06..., userDataDir: C:\Users\TTS-USER\AppData\L...}, goog:chromeOptions: {debuggerAddress: localhost:64119}, javascriptEnabled: true, networkConnectionEnabled: false, pageLoadStrategy: normal, platform: WINDOWS, platformName: WINDOWS, proxy: Proxy(), setWindowRect: true, strictFileInteractability: false, timeouts: {implicit: 0, pageLoad: 300000, script: 30000}, unhandledPromptBehavior: dismiss and notify, webauthn:extension:credBlob: true, webauthn:extension:largeBlob: true, webauthn:virtualAuthenticators: true}Session ID: e5e832a0262095b8227bd57e4e823182at sun.reflect.NativeConstructorAccessorImpl.newInstance0(Native Method)at sun.reflect.NativeConstructorAccessorImpl.newInstance(Unknown Source)at sun.reflect.DelegatingConstructorAccessorImpl.newInstance(Unknown Source)at java.lang.reflect.Constructor.newInstance(Unknown Source)at org.openqa.selenium.remote.http.W3CHttpResponseCodec.createException(W3CHttpResponseCodec.java:187)at org.openqa.selenium.remote.http.W3CHttpResponseCodec.decode(W3CHttpResponseCodec.java:122)at org.openqa.selenium.remote.http.W3CHttpResponseCodec.decode(W3CHttpResponseCodec.java:49)at org.openqa.selenium.remote.HttpCommandExecutor.execute(HttpCommandExecutor.java:158)at org.openqa.selenium.remote.service.DriverCommandExecutor.execute(DriverCommandExecutor.java:83)at org.openqa.selenium.remote.RemoteWebDriver.execute(RemoteWebDriver.java:552)at org.openqa.selenium.remote.RemoteWebElement.execute(RemoteWebElement.java:285)at org.openqa.selenium.remote.RemoteWebElement.click(RemoteWebElement.java:84)at com.Screenit.version3.pages.UploadResumePostiveAndNegativeflow.UploadSingleResumeWithNegative(UploadResumePostiveAndNegativeflow.java:178)at sun.reflect.NativeMethodAccessorImpl.invoke0(Native Method)at sun.reflect.NativeMethodAccessorImpl.invoke(Unknown Source)at sun.reflect.DelegatingMethodAccessorImpl.invoke(Unknown Source)at java.lang.reflect.Method.invoke(Unknown Source)at org.testng.internal.MethodInvocationHelper.invokeMethod(MethodInvocationHelper.java:124)at org.testng.internal.Invoker.invokeMethod(Invoker.java:571)at org.testng.internal.Invoker.invokeTestMethod(Invoker.java:707)at org.testng.internal.Invoker.invokeTestMethods(Invoker.java:979)at org.testng.internal.TestMethodWorker.invokeTestMethods(TestMethodWorker.java:125)at org.testng.internal.TestMethodWorker.run(TestMethodWorker.java:109)at org.testng.TestRunner.privateRun(TestRunner.java:648)at org.testng.TestRunner.run(TestRunner.java:505)at org.testng.SuiteRunner.runTest(SuiteRunner.java:455)at org.testng.SuiteRunner.runSequentially(SuiteRunner.java:450)at org.testng.SuiteRunner.privateRun(SuiteRunner.java:415)at org.testng.SuiteRunner.run(SuiteRunner.java:364)at org.testng.SuiteRunnerWorker.runSuite(SuiteRunnerWorker.java:52)at org.testng.SuiteRunnerWorker.run(SuiteRunnerWorker.java:84)at org.testng.TestNG.runSuitesSequentially(TestNG.java:1187)at org.testng.TestNG.runSuitesLocally(TestNG.java:1116)at org.testng.TestNG.runSuites(TestNG.java:1028)at org.testng.TestNG.run(TestNG.java:996)at org.testng.remote.AbstractRemoteTestNG.run(AbstractRemoteTestNG.java:114)at org.testng.remote.RemoteTestNG.initAndRun(RemoteTestNG.java:251)at org.testng.remote.RemoteTestNG.main(RemoteTestNG.java:77)]]>
    </error>
  </testcase> <!-- UploadSingleResumeWithNegative -->
  <testcase name="UploadSingleResumeWithNegative" time="10.145" classname="com.Screenit.version3.pages.UploadResumePostiveAndNegativeflow"/>
  <testcase name="UploadSingleResumeWithNegative" time="9.918" classname="com.Screenit.version3.pages.UploadResumePostiveAndNegativeflow"/>
  <testcase name="UploadSingleResumeWithNegative" time="10.324" classname="com.Screenit.version3.pages.UploadResumePostiveAndNegativeflow"/>
  <testcase name="UploadSingleResumeWithNegative" time="10.625" classname="com.Screenit.version3.pages.UploadResumePostiveAndNegativeflow"/>
</testsuite> <!-- com.Screenit.version3.pages.UploadResumePostiveAndNegativeflow -->
