<?xml version="1.0" encoding="UTF-8"?>
<!-- Generated by org.testng.reporters.JUnitReportReporter -->
<testsuite skipped="0" hostname="TTS-SCRIT-5" name="com.Screenit.version3.Test.CandidateEditPageTestForUploadIDPostiveAndNegativeFlow" tests="4" failures="0" timestamp="21 Jun 2023 06:47:57 GMT" time="84.924" errors="1">
  <testcase name="login" time="50.232" classname="com.Screenit.version3.Test.CandidateEditPageTestForUploadIDPostiveAndNegativeFlow"/>
  <testcase name="UploadSingleResume" time="17.832" classname="com.Screenit.version3.Test.CandidateEditPageTestForUploadIDPostiveAndNegativeFlow"/>
  <testcase name="CandidateEditProfileWithOutFillAllTheField" time="4.913" classname="com.Screenit.version3.Test.CandidateEditPageTestForUploadIDPostiveAndNegativeFlow"/>
  <testcase name="CandidateEditProfileWithMandatoryField" time="11.947" classname="com.Screenit.version3.Test.CandidateEditPageTestForUploadIDPostiveAndNegativeFlow">
    <error type="java.lang.ArrayIndexOutOfBoundsException" message="1">
      <![CDATA[java.lang.ArrayIndexOutOfBoundsException: 1at com.Screenit.version3.Test.CandidateEditPageTestForUploadIDPostiveAndNegativeFlow.CandidateEditProfileWithMandatoryField(CandidateEditPageTestForUploadIDPostiveAndNegativeFlow.java:112)at sun.reflect.NativeMethodAccessorImpl.invoke0(Native Method)at sun.reflect.NativeMethodAccessorImpl.invoke(Unknown Source)at sun.reflect.DelegatingMethodAccessorImpl.invoke(Unknown Source)at java.lang.reflect.Method.invoke(Unknown Source)at org.testng.internal.MethodInvocationHelper.invokeMethod(MethodInvocationHelper.java:124)at org.testng.internal.Invoker.invokeMethod(Invoker.java:571)at org.testng.internal.Invoker.invokeTestMethod(Invoker.java:707)at org.testng.internal.Invoker.invokeTestMethods(Invoker.java:979)at org.testng.internal.TestMethodWorker.invokeTestMethods(TestMethodWorker.java:125)at org.testng.internal.TestMethodWorker.run(TestMethodWorker.java:109)at org.testng.TestRunner.privateRun(TestRunner.java:648)at org.testng.TestRunner.run(TestRunner.java:505)at org.testng.SuiteRunner.runTest(SuiteRunner.java:455)at org.testng.SuiteRunner.runSequentially(SuiteRunner.java:450)at org.testng.SuiteRunner.privateRun(SuiteRunner.java:415)at org.testng.SuiteRunner.run(SuiteRunner.java:364)at org.testng.SuiteRunnerWorker.runSuite(SuiteRunnerWorker.java:52)at org.testng.SuiteRunnerWorker.run(SuiteRunnerWorker.java:84)at org.testng.TestNG.runSuitesSequentially(TestNG.java:1187)at org.testng.TestNG.runSuitesSequentially(TestNG.java:1183)at org.testng.TestNG.runSuitesLocally(TestNG.java:1116)at org.testng.TestNG.runSuites(TestNG.java:1028)at org.testng.TestNG.run(TestNG.java:996)at org.testng.remote.AbstractRemoteTestNG.run(AbstractRemoteTestNG.java:114)at org.testng.remote.RemoteTestNG.initAndRun(RemoteTestNG.java:251)at org.testng.remote.RemoteTestNG.main(RemoteTestNG.java:77)]]>
    </error>
  </testcase> <!-- CandidateEditProfileWithMandatoryField -->
</testsuite> <!-- com.Screenit.version3.Test.CandidateEditPageTestForUploadIDPostiveAndNegativeFlow -->
