<?xml version="1.0" encoding="UTF-8"?>
<!-- Generated by org.testng.reporters.JUnitXMLReporter -->
<testsuite hostname="TTS-SCRIT-5" ignored="0" name="Declined After Setavailability Flow for IAAS " tests="8" failures="1" timestamp="17 May 2023 12:09:49 GMT" time="301.134" errors="0">
  <testcase name="login" time="3.665" classname="com.Screenit.version3.pages.DeclineFlowForIAAS">
    <failure type="java.lang.AssertionError" message="expected [https://test.screenit.io/#/dashboard_v3] but found [https://demo.screenit.io/#/dashboard_v3]">
      <![CDATA[java.lang.AssertionError: expected [https://test.screenit.io/#/dashboard_v3] but found [https://demo.screenit.io/#/dashboard_v3]at com.Screenit.version3.pages.DeclineFlowForIAAS.login(DeclineFlowForIAAS.java:81)... Removed 31 stack frames]]>
    </failure>
  </testcase> <!-- login -->
  <testcase name="uploadIDFile" time="7.002" classname="com.Screenit.version3.pages.DeclineFlowForIAAS"/>
  <testcase name="CreateInterviewerDescriptionID" time="28.545" classname="com.Screenit.version3.pages.DeclineFlowForIAAS"/>
  <testcase name="UploadSingleResume" time="16.486" classname="com.Screenit.version3.pages.DeclineFlowForIAAS"/>
  <testcase name="SelectSetavailability" time="23.03" classname="com.Screenit.version3.pages.DeclineFlowForIAAS"/>
  <testcase name="JavaDeveloperPostStatus" time="46.217" classname="com.Screenit.version3.pages.DeclineFlowForIAAS"/>
  <testcase name="DeclinedStatusAfterSetavailability" time="7.856" classname="com.Screenit.version3.pages.DeclineFlowForIAAS"/>
  <testcase name="JavaDeveloperPostStatusAfterDeclined" time="137.331" classname="com.Screenit.version3.pages.DeclineFlowForIAAS"/>
</testsuite> <!-- Declined After Setavailability Flow for IAAS  -->
