<?xml version="1.0" encoding="UTF-8"?>
<!-- Generated by org.testng.reporters.JUnitXMLReporter -->
<testsuite hostname="TTS-SCRIT-5" ignored="0" name="Reschedule Flow for IAAS (first candidate)" tests="8" failures="1" timestamp="17 May 2023 13:14:53 GMT" time="259.505" errors="0">
  <testcase name="login" time="3.596" classname="com.Screenit.version3.pages.CancelFlowForIAAS"/>
  <testcase name="uploadIDFile" time="6.588" classname="com.Screenit.version3.pages.CancelFlowForIAAS"/>
  <testcase name="CreateInterviewerDescriptionID" time="25.701" classname="com.Screenit.version3.pages.CancelFlowForIAAS"/>
  <testcase name="UploadSingleResume" time="15.121" classname="com.Screenit.version3.pages.CancelFlowForIAAS"/>
  <testcase name="SelectSetavailability" time="15.643" classname="com.Screenit.version3.pages.CancelFlowForIAAS"/>
  <testcase name="CancelFlow" time="68.266" classname="com.Screenit.version3.pages.CancelFlowForIAAS"/>
  <testcase name="SelectSetavailability1" time="15.425" classname="com.Screenit.version3.pages.CancelFlowForIAAS"/>
  <testcase name="OpenStatus" time="59.73" classname="com.Screenit.version3.pages.CancelFlowForIAAS">
    <failure type="org.openqa.selenium.NoSuchElementException" message="no such element: Unable to locate element: {&amp;quot;method&amp;quot;:&amp;quot;xpath&amp;quot;,&amp;quot;selector&amp;quot;:&amp;quot;//a[text()=&amp;apos;scheduled&amp;apos;]&amp;quot;}
  (Session info: chrome=108.0.5359.95)
For documentation on this error, please visit: https://www.seleniumhq.org/exceptions/no_such_element.html
Build info: version: &amp;apos;3.141.59&amp;apos;, revision: &amp;apos;e82be7d358&amp;apos;, time: &amp;apos;2018-11-14T08:17:03&amp;apos;
System info: host: &amp;apos;TTS-SCRIT-5&amp;apos;, ip: &amp;apos;10.10.12.57&amp;apos;, os.name: &amp;apos;Windows 10&amp;apos;, os.arch: &amp;apos;amd64&amp;apos;, os.version: &amp;apos;10.0&amp;apos;, java.version: &amp;apos;1.8.0_321&amp;apos;
Driver info: org.openqa.selenium.chrome.ChromeDriver
Capabilities {acceptInsecureCerts: false, browserName: chrome, browserVersion: 108.0.5359.95, chrome: {chromedriverVersion: 108.0.5359.71 (1e0e3868ee06..., userDataDir: C:\Users\TTS-USER\AppData\L...}, goog:chromeOptions: {debuggerAddress: localhost:50860}, javascriptEnabled: true, networkConnectionEnabled: false, pageLoadStrategy: normal, platform: WINDOWS, platformName: WINDOWS, proxy: Proxy(), setWindowRect: true, strictFileInteractability: false, timeouts: {implicit: 0, pageLoad: 300000, script: 30000}, unhandledPromptBehavior: dismiss and notify, webauthn:extension:credBlob: true, webauthn:extension:largeBlob: true, webauthn:virtualAuthenticators: true}
Session ID: f40b0b5c7332cbe476e1670dde869cd5
*** Element info: {Using=xpath, value=//a[text()=&amp;apos;scheduled&amp;apos;]}">
      <![CDATA[org.openqa.selenium.NoSuchElementException: no such element: Unable to locate element: {"method":"xpath","selector":"//a[text()='scheduled']"}  (Session info: chrome=108.0.5359.95)For documentation on this error, please visit: https://www.seleniumhq.org/exceptions/no_such_element.htmlBuild info: version: '3.141.59', revision: 'e82be7d358', time: '2018-11-14T08:17:03'System info: host: 'TTS-SCRIT-5', ip: '10.10.12.57', os.name: 'Windows 10', os.arch: 'amd64', os.version: '10.0', java.version: '1.8.0_321'Driver info: org.openqa.selenium.chrome.ChromeDriverCapabilities {acceptInsecureCerts: false, browserName: chrome, browserVersion: 108.0.5359.95, chrome: {chromedriverVersion: 108.0.5359.71 (1e0e3868ee06..., userDataDir: C:\Users\TTS-USER\AppData\L...}, goog:chromeOptions: {debuggerAddress: localhost:50860}, javascriptEnabled: true, networkConnectionEnabled: false, pageLoadStrategy: normal, platform: WINDOWS, platformName: WINDOWS, proxy: Proxy(), setWindowRect: true, strictFileInteractability: false, timeouts: {implicit: 0, pageLoad: 300000, script: 30000}, unhandledPromptBehavior: dismiss and notify, webauthn:extension:credBlob: true, webauthn:extension:largeBlob: true, webauthn:virtualAuthenticators: true}Session ID: f40b0b5c7332cbe476e1670dde869cd5*** Element info: {Using=xpath, value=//a[text()='scheduled']}at org.openqa.selenium.remote.http.W3CHttpResponseCodec.createException(W3CHttpResponseCodec.java:187)at org.openqa.selenium.remote.http.W3CHttpResponseCodec.decode(W3CHttpResponseCodec.java:122)at org.openqa.selenium.remote.http.W3CHttpResponseCodec.decode(W3CHttpResponseCodec.java:49)at org.openqa.selenium.remote.HttpCommandExecutor.execute(HttpCommandExecutor.java:158)at org.openqa.selenium.remote.service.DriverCommandExecutor.execute(DriverCommandExecutor.java:83)at org.openqa.selenium.remote.RemoteWebDriver.execute(RemoteWebDriver.java:552)at org.openqa.selenium.remote.RemoteWebDriver.findElement(RemoteWebDriver.java:323)at org.openqa.selenium.remote.RemoteWebDriver.findElementByXPath(RemoteWebDriver.java:428)at org.openqa.selenium.By$ByXPath.findElement(By.java:353)at org.openqa.selenium.remote.RemoteWebDriver.findElement(RemoteWebDriver.java:315)at com.Screenit.version3.pages.CancelFlowForIAAS.OpenStatus(CancelFlowForIAAS.java:703)... Removed 29 stack frames]]>
    </failure>
  </testcase> <!-- OpenStatus -->
</testsuite> <!-- Reschedule Flow for IAAS (first candidate) -->
