<?xml version="1.0" encoding="UTF-8"?>
<!-- Generated by org.testng.reporters.JUnitXMLReporter -->
<testsuite hostname="TTS-SCRIT-5" ignored="0" name="Screenit InValid Login Creditals" tests="2" failures="1" timestamp="05 Apr 2023 08:24:04 GMT" time="308.122" errors="0">
  <testcase name="@BeforeMethod setup" time="308.081" classname="com.Screenit.version3.pages.LoginPage">
    <failure type="org.openqa.selenium.TimeoutException" message="timeout: Timed out receiving message from renderer: 277.537
  (Session info: MicrosoftEdge=111.0.1661.62)
Build info: version: &amp;apos;3.141.59&amp;apos;, revision: &amp;apos;e82be7d358&amp;apos;, time: &amp;apos;2018-11-14T08:17:03&amp;apos;
System info: host: &amp;apos;TTS-SCRIT-5&amp;apos;, ip: &amp;apos;10.10.2.28&amp;apos;, os.name: &amp;apos;Windows 10&amp;apos;, os.arch: &amp;apos;amd64&amp;apos;, os.version: &amp;apos;10.0&amp;apos;, java.version: &amp;apos;1.8.0_321&amp;apos;
Driver info: org.openqa.selenium.edge.EdgeDriver
Capabilities {acceptInsecureCerts: false, browserName: msedge, browserVersion: 111.0.1661.62, javascriptEnabled: true, ms:edgeOptions: {debuggerAddress: localhost:65343}, msedge: {msedgedriverVersion: 111.0.1661.62 (0a8f453929e6..., userDataDir: C:\Users\TTS-USER\AppData\L...}, networkConnectionEnabled: false, pageLoadStrategy: normal, platform: WINDOWS, platformName: WINDOWS, proxy: Proxy(), setWindowRect: true, strictFileInteractability: false, timeouts: {implicit: 0, pageLoad: 300000, script: 30000}, unhandledPromptBehavior: dismiss and notify, webauthn:extension:credBlob: true, webauthn:extension:largeBlob: true, webauthn:extension:minPinLength: true, webauthn:extension:prf: true, webauthn:virtualAuthenticators: true}
Session ID: 13cdc763f8c278f7932d9694a6a2f7ea">
      <![CDATA[org.openqa.selenium.TimeoutException: timeout: Timed out receiving message from renderer: 277.537  (Session info: MicrosoftEdge=111.0.1661.62)Build info: version: '3.141.59', revision: 'e82be7d358', time: '2018-11-14T08:17:03'System info: host: 'TTS-SCRIT-5', ip: '10.10.2.28', os.name: 'Windows 10', os.arch: 'amd64', os.version: '10.0', java.version: '1.8.0_321'Driver info: org.openqa.selenium.edge.EdgeDriverCapabilities {acceptInsecureCerts: false, browserName: msedge, browserVersion: 111.0.1661.62, javascriptEnabled: true, ms:edgeOptions: {debuggerAddress: localhost:65343}, msedge: {msedgedriverVersion: 111.0.1661.62 (0a8f453929e6..., userDataDir: C:\Users\TTS-USER\AppData\L...}, networkConnectionEnabled: false, pageLoadStrategy: normal, platform: WINDOWS, platformName: WINDOWS, proxy: Proxy(), setWindowRect: true, strictFileInteractability: false, timeouts: {implicit: 0, pageLoad: 300000, script: 30000}, unhandledPromptBehavior: dismiss and notify, webauthn:extension:credBlob: true, webauthn:extension:largeBlob: true, webauthn:extension:minPinLength: true, webauthn:extension:prf: true, webauthn:virtualAuthenticators: true}Session ID: 13cdc763f8c278f7932d9694a6a2f7eaat org.openqa.selenium.remote.http.W3CHttpResponseCodec.createException(W3CHttpResponseCodec.java:187)at org.openqa.selenium.remote.http.W3CHttpResponseCodec.decode(W3CHttpResponseCodec.java:122)at org.openqa.selenium.remote.http.W3CHttpResponseCodec.decode(W3CHttpResponseCodec.java:49)at org.openqa.selenium.remote.HttpCommandExecutor.execute(HttpCommandExecutor.java:158)at org.openqa.selenium.remote.service.DriverCommandExecutor.execute(DriverCommandExecutor.java:83)at org.openqa.selenium.remote.RemoteWebDriver.execute(RemoteWebDriver.java:552)at org.openqa.selenium.remote.RemoteWebDriver.get(RemoteWebDriver.java:277)at com.Screenit.version3.pages.LoginPage.setup(LoginPage.java:64)... Removed 32 stack frames]]>
    </failure>
  </testcase> <!-- @BeforeMethod setup -->
  <testcase name="@AfterMethod Screenshot" time="0.0" classname="com.Screenit.version3.pages.LoginPage">
    <skipped/>
  </testcase> <!-- @AfterMethod Screenshot -->
  <testcase name="validLoginCredential" time="0.0" classname="com.Screenit.version3.pages.LoginPage">
    <failure type="org.testng.TestNGException" message="
Parameter &amp;apos;Emailid&amp;apos; is required by @Test on method validLoginCredential but has not been marked @Optional or defined
in C:\Users\TTS-USER\workspace\com.TestngFramework.ScreenitV3\Login.xml">
      <![CDATA[org.testng.TestNGException: Parameter 'Emailid' is required by @Test on method validLoginCredential but has not been marked @Optional or definedin C:\Users\TTS-USER\workspace\com.TestngFramework.ScreenitV3\Login.xml... Removed 24 stack frames]]>
    </failure>
  </testcase> <!-- validLoginCredential -->
  <testcase name="InvalidLoginCredential" time="0.0" classname="com.Screenit.version3.pages.LoginPage">
    <skipped/>
  </testcase> <!-- InvalidLoginCredential -->
</testsuite> <!-- Screenit InValid Login Creditals -->
