<?xml version="1.0" encoding="UTF-8"?>
<!-- Generated by org.testng.reporters.JUnitXMLReporter -->
<testsuite hostname="TTS-SCRIT-5" ignored="0" name="Selected or Reject Flow for IAAS " tests="6" failures="1" timestamp="08 Jun 2023 12:16:21 GMT" time="768.859" errors="0">
  <testcase name="loginFunctionality" time="74.779" classname="com.Screenit.version3.Test.SelectedOrRejectFlowForIAAS">
    <failure type="java.lang.AssertionError" message="expected [https://test.screenit.io/#/dashboard_v3] but found [https://demo.screenit.io/#/dashboard_v3]">
      <![CDATA[java.lang.AssertionError: expected [https://test.screenit.io/#/dashboard_v3] but found [https://demo.screenit.io/#/dashboard_v3]at com.Screenit.version3.Pages.LoginPage.VerifyNavigateToTheDashBoard(LoginPage.java:64)at com.Screenit.version3.Test.SelectedOrRejectFlowForIAAS.loginFunctionality(SelectedOrRejectFlowForIAAS.java:53)... Removed 31 stack frames]]>
    </failure>
  </testcase> <!-- loginFunctionality -->
  <testcase name="UploadIdFile" time="16.117" classname="com.Screenit.version3.Test.SelectedOrRejectFlowForIAAS"/>
  <testcase name="CreateInterviewerDescriptionIDwithclickPostButtonAndFilledTheMandatoryField" time="144.194" classname="com.Screenit.version3.Test.SelectedOrRejectFlowForIAAS"/>
  <testcase name="UploadSingleResumeWithPostive" time="16.207" classname="com.Screenit.version3.Test.SelectedOrRejectFlowForIAAS"/>
  <testcase name="SelectSetavailability" time="148.109" classname="com.Screenit.version3.Test.SelectedOrRejectFlowForIAAS"/>
  <testcase name="JavaDeveloperPostStatus" time="364.122" classname="com.Screenit.version3.Test.SelectedOrRejectFlowForIAAS"/>
</testsuite> <!-- Selected or Reject Flow for IAAS  -->
